<?xml version="1.0" encoding="UTF-8"?>
<!-- Generated by org.testng.reporters.JUnitReportReporter -->
<testsuite hostname="Rangaandfamily" failures="0" tests="1" name="com.testRunners.SpicejetTestRunners" time="153.445" errors="0" timestamp="16 Dec 2020 23:54:52 GMT" skipped="0">
  <testcase classname="com.testRunners.SpicejetTestRunners" name="runScenario" time="153.445"/>
</testsuite> <!-- com.testRunners.SpicejetTestRunners -->
